<?xml version="1.0" encoding="UTF-8"?>
<robot generator="Robot 6.0.2 (Python 3.12.0 on win32)" generated="20240904 15:54:13.252" rpa="false" schemaversion="3">
<suite id="s1" name="TC01" source="C:\Users\Daryl Blancaflor.CIC-TEHPM21C060\Documents\demo_repo\Test\TC01.robot">
<test id="s1-t1" name="TC01 - Populate Register Page" line="29">
<kw name="Open Register Application" library="CommonFunctions" type="SETUP">
<kw name="Open Browser" library="SeleniumLibrary">
<arg>https://demo.automationtesting.in/Register.html</arg>
<arg>chrome</arg>
<doc>Opens a new browser instance to the optional ``url``.</doc>
<msg timestamp="20240904 15:54:14.348" level="INFO">Opening browser 'chrome' to base url 'https://demo.automationtesting.in/Register.html'.</msg>
<status status="PASS" starttime="20240904 15:54:14.348" endtime="20240904 15:54:20.036"/>
</kw>
<kw name="Maximize Browser Window" library="SeleniumLibrary">
<doc>Maximizes current browser window.</doc>
<status status="PASS" starttime="20240904 15:54:20.036" endtime="20240904 15:54:20.076"/>
</kw>
<kw name="Title Should Be" library="SeleniumLibrary">
<arg>Register</arg>
<arg>Incorrect Title Page</arg>
<doc>Verifies that the current page title equals ``title``.</doc>
<msg timestamp="20240904 15:54:20.079" level="INFO">Page title is 'Register'.</msg>
<status status="PASS" starttime="20240904 15:54:20.076" endtime="20240904 15:54:20.079"/>
</kw>
<status status="PASS" starttime="20240904 15:54:14.348" endtime="20240904 15:54:20.079"/>
</kw>
<kw name="Populate Register Page">
<arg>${firstName}</arg>
<arg>BLANCAFLOR</arg>
<arg>Cricket</arg>
<arg>C++</arg>
<doc>This testcase is used to run the automation script to populate Registration Page.
@author: dblancaflor 03Sep2024 - initial create
@update: dblancaflor 03Sep2024 - added script to save the details of the customer</doc>
<kw name="Set First Name" library="Register">
<arg>${firstName}</arg>
<doc>This keyword is used to enter First Name in Registration Page.</doc>
<kw name="Wait Until Element Is Visible" library="SeleniumLibrary">
<arg>${firstName_TEXTFIELD}</arg>
<doc>Waits until the element ``locator`` is visible.</doc>
<status status="PASS" starttime="20240904 15:54:20.080" endtime="20240904 15:54:20.099"/>
</kw>
<kw name="Input Text" library="SeleniumLibrary">
<arg>${firstName_TEXTFIELD}</arg>
<arg>${firstName}</arg>
<doc>Types the given ``text`` into the text field identified by ``locator``.</doc>
<msg timestamp="20240904 15:54:20.100" level="INFO">Typing text 'DARYL JOHN' into text field '//input[@placeholder="First Name"]'.</msg>
<status status="PASS" starttime="20240904 15:54:20.099" endtime="20240904 15:54:20.166"/>
</kw>
<status status="PASS" starttime="20240904 15:54:20.080" endtime="20240904 15:54:20.166"/>
</kw>
<kw name="Set Last Name" library="Register">
<arg>${lastName}</arg>
<doc>This keyword is used to enter Last Name in Registration Page.</doc>
<kw name="Wait Until Element Is Visible" library="SeleniumLibrary">
<arg>${lastName_TEXTFIELD}</arg>
<doc>Waits until the element ``locator`` is visible.</doc>
<status status="PASS" starttime="20240904 15:54:20.166" endtime="20240904 15:54:20.183"/>
</kw>
<kw name="Input Text" library="SeleniumLibrary">
<arg>${lastName_TEXTFIELD}</arg>
<arg>${lastName}</arg>
<doc>Types the given ``text`` into the text field identified by ``locator``.</doc>
<msg timestamp="20240904 15:54:20.184" level="INFO">Typing text 'BLANCAFLOR' into text field '//input[@placeholder="Last Name"]'.</msg>
<status status="PASS" starttime="20240904 15:54:20.183" endtime="20240904 15:54:20.242"/>
</kw>
<status status="PASS" starttime="20240904 15:54:20.166" endtime="20240904 15:54:20.242"/>
</kw>
<kw name="Select Hobbies" library="Register">
<arg>${hobby}</arg>
<doc>This keyword is used to checked Hobbies in Registration Page.</doc>
<kw name="Replace String" library="String">
<var>${selected_hobby}</var>
<arg>${hobby_CHECKBOX}</arg>
<arg>hobby</arg>
<arg>${hobby}</arg>
<doc>Replaces ``search_for`` in the given ``string`` with ``replace_with``.</doc>
<msg timestamp="20240904 15:54:20.243" level="INFO">${selected_hobby} = //input[@type='checkbox' and @value='Cricket']</msg>
<status status="PASS" starttime="20240904 15:54:20.243" endtime="20240904 15:54:20.243"/>
</kw>
<kw name="Wait Until Element Is Visible" library="SeleniumLibrary">
<arg>${selected_hobby}</arg>
<doc>Waits until the element ``locator`` is visible.</doc>
<status status="PASS" starttime="20240904 15:54:20.243" endtime="20240904 15:54:20.256"/>
</kw>
<kw name="Click Element" library="SeleniumLibrary">
<arg>${selected_hobby}</arg>
<doc>Click the element identified by ``locator``.</doc>
<msg timestamp="20240904 15:54:20.257" level="INFO">Clicking element '//input[@type='checkbox' and @value='Cricket']'.</msg>
<status status="PASS" starttime="20240904 15:54:20.257" endtime="20240904 15:54:20.287"/>
</kw>
<status status="PASS" starttime="20240904 15:54:20.242" endtime="20240904 15:54:20.287"/>
</kw>
<kw name="Select Skills" library="Register">
<arg>${skill}</arg>
<doc>This keyword is used to select dropdown Skills in Registration Page.</doc>
<kw name="Replace String" library="String">
<var>${selected_skill}</var>
<arg>${skills_DROPDOWN}</arg>
<arg>selected skill</arg>
<arg>${skill}</arg>
<doc>Replaces ``search_for`` in the given ``string`` with ``replace_with``.</doc>
<msg timestamp="20240904 15:54:20.287" level="INFO">${selected_skill} = //select[@id='Skills']/option[@value='C++']</msg>
<status status="PASS" starttime="20240904 15:54:20.287" endtime="20240904 15:54:20.287"/>
</kw>
<kw name="Execute Javascript" library="SeleniumLibrary">
<arg>window.scrollTo(0, document.body.scrollHeight)</arg>
<doc>Executes the given JavaScript code with possible arguments.</doc>
<msg timestamp="20240904 15:54:20.288" level="INFO">Executing JavaScript:
window.scrollTo(0, document.body.scrollHeight)
Without any arguments.</msg>
<status status="PASS" starttime="20240904 15:54:20.287" endtime="20240904 15:54:20.293"/>
</kw>
<kw name="Select From List By Value" library="SeleniumLibrary">
<arg>${skills_text_DROPDOWN}</arg>
<arg>${skill}</arg>
<doc>Selects options from selection list ``locator`` by ``values``.</doc>
<msg timestamp="20240904 15:54:20.293" level="INFO">Selecting options from selection list 'Skills' by value C++.</msg>
<status status="PASS" starttime="20240904 15:54:20.293" endtime="20240904 15:54:20.339"/>
</kw>
<status status="PASS" starttime="20240904 15:54:20.287" endtime="20240904 15:54:20.339"/>
</kw>
<kw name="Capture Page Screenshot" library="SeleniumLibrary">
<arg>Test.png</arg>
<doc>Takes a screenshot of the current page and embeds it into a log file.</doc>
<msg timestamp="20240904 15:54:20.451" level="INFO" html="true">&lt;/td&gt;&lt;/tr&gt;&lt;tr&gt;&lt;td colspan="3"&gt;&lt;a href="Test.png"&gt;&lt;img src="Test.png" width="800px"&gt;&lt;/a&gt;</msg>
<status status="PASS" starttime="20240904 15:54:20.339" endtime="20240904 15:54:20.452"/>
</kw>
<kw name="Sleep" library="BuiltIn">
<arg>2</arg>
<doc>Pauses the test executed for the given time.</doc>
<msg timestamp="20240904 15:54:22.452" level="INFO">Slept 2 seconds</msg>
<status status="PASS" starttime="20240904 15:54:20.452" endtime="20240904 15:54:22.452"/>
</kw>
<status status="PASS" starttime="20240904 15:54:20.079" endtime="20240904 15:54:22.452"/>
</kw>
<kw name="Close Browser Window" library="CommonFunctions" type="TEARDOWN">
<kw name="Close Window" library="SeleniumLibrary">
<doc>Closes currently opened and selected browser window/tab.</doc>
<status status="PASS" starttime="20240904 15:54:22.454" endtime="20240904 15:54:22.555"/>
</kw>
<status status="PASS" starttime="20240904 15:54:22.453" endtime="20240904 15:54:22.555"/>
</kw>
<status status="PASS" starttime="20240904 15:54:14.347" endtime="20240904 15:54:22.555"/>
</test>
<status status="PASS" starttime="20240904 15:54:13.254" endtime="20240904 15:54:22.556"/>
</suite>
<statistics>
<total>
<stat pass="1" fail="0" skip="0">All Tests</stat>
</total>
<tag>
</tag>
<suite>
<stat pass="1" fail="0" skip="0" id="s1" name="TC01">TC01</stat>
</suite>
</statistics>
<errors>
</errors>
</robot>
